<?xml version="1.0" encoding="UTF-8"?>
<coverage generated="1654253177">
  <project timestamp="1654253177">
    <file name="O:\xampp\htdocs\Jmeter_\Page_login\tests\Maintest.php">
      <class name="Maintest" namespace="global">
        <metrics complexity="1" methods="1" coveredmethods="1" conditionals="0" coveredconditionals="0" statements="9" coveredstatements="9" elements="10" coveredelements="10"/>
      </class>
      <line num="6" type="method" name="test" visibility="public" complexity="1" crap="1" count="1"/>
      <line num="7" type="stmt" count="1"/>
      <line num="8" type="stmt" count="1"/>
      <line num="9" type="stmt" count="1"/>
      <line num="11" type="stmt" count="1"/>
      <line num="12" type="stmt" count="1"/>
      <line num="13" type="stmt" count="1"/>
      <line num="14" type="stmt" count="1"/>
      <line num="15" type="stmt" count="1"/>
      <line num="17" type="stmt" count="1"/>
      <metrics loc="24" ncloc="21" classes="1" methods="1" coveredmethods="1" conditionals="0" coveredconditionals="0" statements="9" coveredstatements="9" elements="10" coveredelements="10"/>
    </file>
    <file name="O:\xampp\htdocs\Jmeter_\Page_login\tests\Prod.php">
      <class name="Prod" namespace="global">
        <metrics complexity="5" methods="4" coveredmethods="2" conditionals="0" coveredconditionals="0" statements="10" coveredstatements="7" elements="14" coveredelements="9"/>
      </class>
      <line num="8" type="method" name="__construct" visibility="public" complexity="1" crap="1" count="1"/>
      <line num="10" type="stmt" count="1"/>
      <line num="11" type="stmt" count="1"/>
      <line num="12" type="stmt" count="1"/>
      <line num="15" type="method" name="increase_QT" visibility="public" complexity="2" crap="2.26" count="1"/>
      <line num="17" type="stmt" count="1"/>
      <line num="19" type="stmt" count="0"/>
      <line num="20" type="stmt" count="0"/>
      <line num="23" type="stmt" count="1"/>
      <line num="24" type="stmt" count="1"/>
      <line num="31" type="method" name="Get_QT" visibility="public" complexity="1" crap="1" count="1"/>
      <line num="32" type="stmt" count="1"/>
      <line num="34" type="method" name="Get_N" visibility="public" complexity="1" crap="2" count="0"/>
      <line num="35" type="stmt" count="0"/>
      <metrics loc="39" ncloc="39" classes="1" methods="4" coveredmethods="2" conditionals="0" coveredconditionals="0" statements="10" coveredstatements="7" elements="14" coveredelements="9"/>
    </file>
    <file name="O:\xampp\htdocs\Jmeter_\Page_login\tests\TestUser.php">
      <class name="TestUser" namespace="global">
        <metrics complexity="1" methods="1" coveredmethods="1" conditionals="0" coveredconditionals="0" statements="6" coveredstatements="6" elements="7" coveredelements="7"/>
      </class>
      <line num="7" type="method" name="test" visibility="public" complexity="1" crap="1" count="1"/>
      <line num="8" type="stmt" count="1"/>
      <line num="10" type="stmt" count="1"/>
      <line num="11" type="stmt" count="1"/>
      <line num="12" type="stmt" count="1"/>
      <line num="13" type="stmt" count="1"/>
      <metrics loc="29" ncloc="22" classes="1" methods="1" coveredmethods="1" conditionals="0" coveredconditionals="0" statements="6" coveredstatements="6" elements="7" coveredelements="7"/>
    </file>
    <file name="O:\xampp\htdocs\Jmeter_\Page_login\tests\User.php">
      <class name="User" namespace="global">
        <metrics complexity="4" methods="4" coveredmethods="2" conditionals="0" coveredconditionals="0" statements="6" coveredstatements="4" elements="10" coveredelements="6"/>
      </class>
      <line num="10" type="method" name="__construct" visibility="public" complexity="1" crap="1" count="1"/>
      <line num="12" type="stmt" count="1"/>
      <line num="13" type="stmt" count="1"/>
      <line num="14" type="stmt" count="1"/>
      <line num="17" type="method" name="addFriend" visibility="public" complexity="1" crap="1" count="1"/>
      <line num="19" type="stmt" count="1"/>
      <line num="22" type="method" name="getUname" visibility="public" complexity="1" crap="2" count="0"/>
      <line num="24" type="stmt" count="0"/>
      <line num="27" type="method" name="getMail" visibility="public" complexity="1" crap="2" count="0"/>
      <line num="29" type="stmt" count="0"/>
      <metrics loc="44" ncloc="35" classes="1" methods="4" coveredmethods="2" conditionals="0" coveredconditionals="0" statements="6" coveredstatements="4" elements="10" coveredelements="6"/>
    </file>
    <metrics files="4" loc="136" ncloc="117" classes="4" methods="10" coveredmethods="6" conditionals="0" coveredconditionals="0" statements="31" coveredstatements="26" elements="41" coveredelements="32"/>
  </project>
</coverage>
